This is pdfTeX, Version 3.14159265-2.6-1.40.21 (TeX Live 2020) (preloaded format=pdflatex 2020.6.14)  8 JUL 2020 22:36
entering extended mode
 restricted \write18 enabled.
 file:line:error style messages enabled.
 %&-line parsing enabled.
**chapter_6.tex
(./chapter_6.tex
LaTeX2e <2020-02-02> patch level 5
L3 programming layer <2020-06-03>
(/usr/local/texlive/2020/texmf-dist/tex/platex/jsclasses/jsarticle.cls

/usr/local/texlive/2020/texmf-dist/tex/platex/jsclasses/jsarticle.cls:26: LaTeX
 Error: This file needs format `pLaTeX2e'
               but this is `LaTeX2e'.

See the LaTeX manual or LaTeX Companion for explanation.
Type  H <return>  for immediate help.
 ...                                              
                                                  
l.26 \NeedsTeXFormat{pLaTeX2e}
                              
The current input file will not be processed further,
because it was written for some other flavor of TeX.
You're in trouble here.  Try typing  <return>  to proceed.
If that doesn't work, type  X <return>  to quit.

) (/usr/local/texlive/2020/texmf-dist/tex/latex/base/inputenc.sty
Package: inputenc 2018/08/11 v1.3c Input encoding file
\inpenc@prehook=\toks15
\inpenc@posthook=\toks16
)
(/usr/local/texlive/2020/texmf-dist/tex/latex/amsmath/amsmath.sty
Package: amsmath 2020/01/20 v2.17e AMS math features
\@mathmargin=\skip47

For additional information on amsmath, use the `?' option.
(/usr/local/texlive/2020/texmf-dist/tex/latex/amsmath/amstext.sty
Package: amstext 2000/06/29 v2.01 AMS text

(/usr/local/texlive/2020/texmf-dist/tex/latex/amsmath/amsgen.sty
File: amsgen.sty 1999/11/30 v2.0 generic functions
\@emptytoks=\toks17
\ex@=\dimen134
))
(/usr/local/texlive/2020/texmf-dist/tex/latex/amsmath/amsbsy.sty
Package: amsbsy 1999/11/29 v1.2d Bold Symbols
\pmbraise@=\dimen135
)
(/usr/local/texlive/2020/texmf-dist/tex/latex/amsmath/amsopn.sty
Package: amsopn 2016/03/08 v2.02 operator names
)
\inf@bad=\count167
LaTeX Info: Redefining \frac on input line 227.
\uproot@=\count168
\leftroot@=\count169
LaTeX Info: Redefining \overline on input line 389.
\classnum@=\count170
\DOTSCASE@=\count171
LaTeX Info: Redefining \ldots on input line 486.
LaTeX Info: Redefining \dots on input line 489.
LaTeX Info: Redefining \cdots on input line 610.
\Mathstrutbox@=\box45
\strutbox@=\box46
\big@size=\dimen136
LaTeX Font Info:    Redeclaring font encoding OML on input line 733.
LaTeX Font Info:    Redeclaring font encoding OMS on input line 734.
\macc@depth=\count172
\c@MaxMatrixCols=\count173
\dotsspace@=\muskip16
\c@parentequation=\count174
\dspbrk@lvl=\count175
\tag@help=\toks18
\row@=\count176
\column@=\count177
\maxfields@=\count178
\andhelp@=\toks19
\eqnshift@=\dimen137
\alignsep@=\dimen138
\tagshift@=\dimen139
\tagwidth@=\dimen140
\totwidth@=\dimen141
\lineht@=\dimen142
\@envbody=\toks20
\multlinegap=\skip48
\multlinetaggap=\skip49
\mathdisplay@stack=\toks21
LaTeX Info: Redefining \[ on input line 2859.
LaTeX Info: Redefining \] on input line 2860.
)
(/usr/local/texlive/2020/texmf-dist/tex/latex/amsfonts/amsfonts.sty
Package: amsfonts 2013/01/14 v3.01 Basic AMSFonts support
\symAMSa=\mathgroup4
\symAMSb=\mathgroup5
LaTeX Font Info:    Redeclaring math symbol \hbar on input line 98.
LaTeX Font Info:    Overwriting math alphabet `\mathfrak' in version `bold'
(Font)                  U/euf/m/n --> U/euf/b/n on input line 106.
)
(/usr/local/texlive/2020/texmf-dist/tex/latex/tools/bm.sty
Package: bm 2019/07/24 v1.2d Bold Symbol Support (DPC/FMi)
\symboldoperators=\mathgroup6
\symboldletters=\mathgroup7
\symboldsymbols=\mathgroup8
LaTeX Font Info:    Redeclaring math alphabet \mathbf on input line 141.
LaTeX Info: Redefining \bm on input line 209.
)
(/usr/local/texlive/2020/texmf-dist/tex/latex/ascmac/ascmac.sty
Package: ascmac 2020/01/15 v2.1 ascmac wrapper (community edition) 

(/usr/local/texlive/2020/texmf-dist/tex/latex/ascmac/tascmac.sty
Package: tascmac 2020/01/15 v2.1 ascmac package (community edition) 
Package tascmac Info: Assuming pdfLaTeX, XeLaTeX or LuaLaTeX on input line 44.
\scb@x=\box47
\scscb@x=\box48
\@bw=\dimen143
\@nbox=\box49
\@nbody=\box50
\@scw=\dimen144
\ascmac@hoboxa=\box51
\ascmac@hoboxb=\box52
\@itemh=\dimen145
\@iboxpos=\toks22
\@iboxstr=\box53
\@bwsp=\box54
\@@bwsp=\box55
\@bcal=\count179
\shaderule=\dimen146
))
(/usr/local/texlive/2020/texmf-dist/tex/latex/graphics/graphicx.sty
Package: graphicx 2019/11/30 v1.2a Enhanced LaTeX Graphics (DPC,SPQR)

(/usr/local/texlive/2020/texmf-dist/tex/latex/graphics/keyval.sty
Package: keyval 2014/10/28 v1.15 key=value parser (DPC)
\KV@toks@=\toks23
)
(/usr/local/texlive/2020/texmf-dist/tex/latex/graphics/graphics.sty
Package: graphics 2019/11/30 v1.4a Standard LaTeX Graphics (DPC,SPQR)

(/usr/local/texlive/2020/texmf-dist/tex/latex/graphics/trig.sty
Package: trig 2016/01/03 v1.10 sin cos tan (DPC)
)
(/usr/local/texlive/2020/texmf-dist/tex/latex/graphics-cfg/graphics.cfg
File: graphics.cfg 2016/06/04 v1.11 sample graphics configuration
)
Package graphics Info: Driver file: dvipdfmx.def on input line 105.

(/usr/local/texlive/2020/texmf-dist/tex/latex/graphics-def/dvipdfmx.def
File: dvipdfmx.def 2017/06/24 v5.0g Graphics/color driver for dvipdfmx
))
\Gin@req@height=\dimen147
\Gin@req@width=\dimen148
)
(/usr/local/texlive/2020/texmf-dist/tex/latex/base/latexsym.sty
Package: latexsym 1998/08/17 v2.2e Standard LaTeX package (lasy symbols)
\symlasy=\mathgroup9
LaTeX Font Info:    Overwriting symbol font `lasy' in version `bold'
(Font)                  U/lasy/m/n --> U/lasy/b/n on input line 52.
)
(/usr/local/texlive/2020/texmf-dist/tex/latex/amscls/amsthm.sty
Package: amsthm 2020/05/29 v2.20.6
\thm@style=\toks24
\thm@bodyfont=\toks25
\thm@headfont=\toks26
\thm@notefont=\toks27
\thm@headpunct=\toks28
\thm@preskip=\skip50
\thm@postskip=\skip51
\thm@headsep=\skip52
\dth@everypar=\toks29
)
(/usr/local/texlive/2020/texmf-dist/tex/latex/l3backend/l3backend-pdfmode.def
File: l3backend-pdfmode.def 2020-06-03 L3 backend support: PDF mode
\l__kernel_color_stack_int=\count180
\l__pdf_internal_box=\box56
)
(./chapter_6.aux)
\openout1 = `chapter_6.aux'.

LaTeX Font Info:    Checking defaults for OML/cmm/m/it on input line 9.
LaTeX Font Info:    ... okay on input line 9.
LaTeX Font Info:    Checking defaults for OMS/cmsy/m/n on input line 9.
LaTeX Font Info:    ... okay on input line 9.
LaTeX Font Info:    Checking defaults for OT1/cmr/m/n on input line 9.
LaTeX Font Info:    ... okay on input line 9.
LaTeX Font Info:    Checking defaults for T1/cmr/m/n on input line 9.
LaTeX Font Info:    ... okay on input line 9.
LaTeX Font Info:    Checking defaults for TS1/cmr/m/n on input line 9.
LaTeX Font Info:    ... okay on input line 9.
LaTeX Font Info:    Checking defaults for OMX/cmex/m/n on input line 9.
LaTeX Font Info:    ... okay on input line 9.
LaTeX Font Info:    Checking defaults for U/cmr/m/n on input line 9.
LaTeX Font Info:    ... okay on input line 9.


./chapter_6.tex:9: LaTeX Error: The font size command \normalsize is not define
d:
               there is probably something wrong with the class file.

See the LaTeX manual or LaTeX Companion for explanation.
Type  H <return>  for immediate help.
 ...                                              
                                                  
l.9 \begin{document}
                    
Your command was ignored.
Type  I <command> <return>  to replace it with another command,
or  <return>  to continue without it.

./chapter_6.tex:14: Undefined control sequence.
l.14 \maketitle
               
The control sequence at the end of the top line
of your error message was never \def'ed. If you have
misspelled it (e.g., `\hobx'), type `I' and the correct
spelling (e.g., `I\hbox'). Otherwise just continue,
and I'll forget about whatever was undefined.


./chapter_6.tex:15: LaTeX Error: No counter 'section' defined.

See the LaTeX manual or LaTeX Companion for explanation.
Type  H <return>  for immediate help.
 ...                                              
                                                  
l.15 \setcounter{section}{-1}
                             
Your command was ignored.
Type  I <command> <return>  to replace it with another command,
or  <return>  to continue without it.

./chapter_6.tex:17: Undefined control sequence.
l.17 \section
             {æ¦‚è¦}
The control sequence at the end of the top line
of your error message was never \def'ed. If you have
misspelled it (e.g., `\hobx'), type `I' and the correct
spelling (e.g., `I\hbox'). Otherwise just continue,
and I'll forget about whatever was undefined.


./chapter_6.tex:17: Package inputenc Error: Unicode character æ¦‚ (U+6982)
(inputenc)                not set up for use with LaTeX.

See the inputenc package documentation for explanation.
Type  H <return>  for immediate help.
 ...                                              
                                                  
l.17 \section{æ¦‚
                 è¦}
You may provide a definition with
\DeclareUnicodeCharacter 


./chapter_6.tex:17: Package inputenc Error: Unicode character è¦ (U+8981)
(inputenc)                not set up for use with LaTeX.

See the inputenc package documentation for explanation.
Type  H <return>  for immediate help.
 ...                                              
                                                  
l.17 \section{æ¦‚è¦
                    }
You may provide a definition with
\DeclareUnicodeCharacter 


./chapter_6.tex:18: Package inputenc Error: Unicode character ãƒ‡ (U+30C7)
(inputenc)                not set up for use with LaTeX.

See the inputenc package documentation for explanation.
Type  H <return>  for immediate help.
 ...                                              
                                                  
l.18 ãƒ‡
        ãƒ¼ã‚¿ã‚’åˆ†æã™ã‚‹éš›ã€ä¸€èˆ¬çš„ã«åˆ†æå¯¾è±¡ã§ã‚ã‚‹ãƒ‡ãƒ¼ã‚...

You may provide a definition with
\DeclareUnicodeCharacter 


./chapter_6.tex:18: Package inputenc Error: Unicode character ãƒ¼ (U+30FC)
(inputenc)                not set up for use with LaTeX.

See the inputenc package documentation for explanation.
Type  H <return>  for immediate help.
 ...                                              
                                                  
l.18 ãƒ‡ãƒ¼
           ã‚¿ã‚’åˆ†æã™ã‚‹éš›ã€ä¸€èˆ¬çš„ã«åˆ†æå¯¾è±¡ã§ã‚ã‚‹ãƒ‡ãƒ¼ã‚...

You may provide a definition with
\DeclareUnicodeCharacter 


./chapter_6.tex:18: Package inputenc Error: Unicode character ã‚¿ (U+30BF)
(inputenc)                not set up for use with LaTeX.

See the inputenc package documentation for explanation.
Type  H <return>  for immediate help.
 ...                                              
                                                  
l.18 ãƒ‡ãƒ¼ã‚¿
              ã‚’åˆ†æã™ã‚‹éš›ã€ä¸€èˆ¬çš„ã«åˆ†æå¯¾è±¡ã§ã‚ã‚‹ãƒ‡ãƒ¼ã‚...

You may provide a definition with
\DeclareUnicodeCharacter 


./chapter_6.tex:18: Package inputenc Error: Unicode character ã‚’ (U+3092)
(inputenc)                not set up for use with LaTeX.

See the inputenc package documentation for explanation.
Type  H <return>  for immediate help.
 ...                                              
                                                  
l.18 ãƒ‡ãƒ¼ã‚¿ã‚’
                 åˆ†æã™ã‚‹éš›ã€ä¸€èˆ¬çš„ã«åˆ†æå¯¾è±¡ã§ã‚ã‚‹ãƒ‡ãƒ¼ã‚...

You may provide a definition with
\DeclareUnicodeCharacter 


./chapter_6.tex:18: Package inputenc Error: Unicode character åˆ† (U+5206)
(inputenc)                not set up for use with LaTeX.

See the inputenc package documentation for explanation.
Type  H <return>  for immediate help.
 ...                                              
                                                  
l.18 ãƒ‡ãƒ¼ã‚¿ã‚’åˆ†
                    æã™ã‚‹éš›ã€ä¸€èˆ¬çš„ã«åˆ†æå¯¾è±¡ã§ã‚ã‚‹ãƒ‡ãƒ¼ã‚...

You may provide a definition with
\DeclareUnicodeCharacter 


./chapter_6.tex:18: Package inputenc Error: Unicode character æ (U+6790)
(inputenc)                not set up for use with LaTeX.

See the inputenc package documentation for explanation.
Type  H <return>  for immediate help.
 ...                                              
                                                  
l.18 ãƒ‡ãƒ¼ã‚¿ã‚’åˆ†æ
                       ã™ã‚‹éš›ã€ä¸€èˆ¬çš„ã«åˆ†æå¯¾è±¡ã§ã‚ã‚‹ãƒ‡ãƒ¼ã‚...

You may provide a definition with
\DeclareUnicodeCharacter 


./chapter_6.tex:18: Package inputenc Error: Unicode character ã™ (U+3059)
(inputenc)                not set up for use with LaTeX.

See the inputenc package documentation for explanation.
Type  H <return>  for immediate help.
 ...                                              
                                                  
l.18 ãƒ‡ãƒ¼ã‚¿ã‚’åˆ†æã™
                          ã‚‹éš›ã€ä¸€èˆ¬çš„ã«åˆ†æå¯¾è±¡ã§ã‚ã‚‹ãƒ‡ãƒ¼ã‚...

You may provide a definition with
\DeclareUnicodeCharacter 


./chapter_6.tex:18: Package inputenc Error: Unicode character ã‚‹ (U+308B)
(inputenc)                not set up for use with LaTeX.

See the inputenc package documentation for explanation.
Type  H <return>  for immediate help.
 ...                                              
                                                  
l.18 ãƒ‡ãƒ¼ã‚¿ã‚’åˆ†æã™ã‚‹
                             éš›ã€ä¸€èˆ¬çš„ã«åˆ†æå¯¾è±¡ã§ã‚ã‚‹ãƒ‡ãƒ¼ã‚...

You may provide a definition with
\DeclareUnicodeCharacter 


./chapter_6.tex:18: Package inputenc Error: Unicode character éš› (U+969B)
(inputenc)                not set up for use with LaTeX.

See the inputenc package documentation for explanation.
Type  H <return>  for immediate help.
 ...                                              
                                                  
l.18 ãƒ‡ãƒ¼ã‚¿ã‚’åˆ†æã™ã‚‹éš›
                                ã€ä¸€èˆ¬çš„ã«åˆ†æå¯¾è±¡ã§ã‚ã‚‹ãƒ‡ãƒ¼ã‚...

You may provide a definition with
\DeclareUnicodeCharacter 


./chapter_6.tex:18: Package inputenc Error: Unicode character ã€ (U+3001)
(inputenc)                not set up for use with LaTeX.

See the inputenc package documentation for explanation.
Type  H <return>  for immediate help.
 ...                                              
                                                  
l.18 ãƒ‡ãƒ¼ã‚¿ã‚’åˆ†æã™ã‚‹éš›ã€
                                   ä¸€èˆ¬çš„ã«åˆ†æå¯¾è±¡ã§ã‚ã‚‹ãƒ‡ãƒ¼ã‚...

You may provide a definition with
\DeclareUnicodeCharacter 


./chapter_6.tex:18: Package inputenc Error: Unicode character ä¸€ (U+4E00)
(inputenc)                not set up for use with LaTeX.

See the inputenc package documentation for explanation.
Type  H <return>  for immediate help.
 ...                                              
                                                  
l.18 ãƒ‡ãƒ¼ã‚¿ã‚’åˆ†æã™ã‚‹éš›ã€ä¸€
                                      èˆ¬çš„ã«åˆ†æå¯¾è±¡ã§ã‚ã‚‹ãƒ‡ãƒ¼ã‚...

You may provide a definition with
\DeclareUnicodeCharacter 


./chapter_6.tex:18: Package inputenc Error: Unicode character èˆ¬ (U+822C)
(inputenc)                not set up for use with LaTeX.

See the inputenc package documentation for explanation.
Type  H <return>  for immediate help.
 ...                                              
                                                  
l.18 ãƒ‡ãƒ¼ã‚¿ã‚’åˆ†æã™ã‚‹éš›ã€ä¸€èˆ¬
                                         çš„ã«åˆ†æå¯¾è±¡ã§ã‚ã‚‹ãƒ‡ãƒ¼ã‚...

You may provide a definition with
\DeclareUnicodeCharacter 


./chapter_6.tex:18: Package inputenc Error: Unicode character çš„ (U+7684)
(inputenc)                not set up for use with LaTeX.

See the inputenc package documentation for explanation.
Type  H <return>  for immediate help.
 ...                                              
                                                  
l.18 ãƒ‡ãƒ¼ã‚¿ã‚’åˆ†æã™ã‚‹éš›ã€ä¸€èˆ¬çš„
                                            ã«åˆ†æå¯¾è±¡ã§ã‚ã‚‹ãƒ‡ãƒ¼ã‚...

You may provide a definition with
\DeclareUnicodeCharacter 


./chapter_6.tex:18: Package inputenc Error: Unicode character ã« (U+306B)
(inputenc)                not set up for use with LaTeX.

See the inputenc package documentation for explanation.
Type  H <return>  for immediate help.
 ...                                              
                                                  
l.18 ãƒ‡ãƒ¼ã‚¿ã‚’åˆ†æã™ã‚‹éš›ã€ä¸€èˆ¬çš„ã«
                                               åˆ†æå¯¾è±¡ã§ã‚ã‚‹ãƒ‡ãƒ¼ã‚...

You may provide a definition with
\DeclareUnicodeCharacter 


./chapter_6.tex:18: Package inputenc Error: Unicode character åˆ† (U+5206)
(inputenc)                not set up for use with LaTeX.

See the inputenc package documentation for explanation.
Type  H <return>  for immediate help.
 ...                                              
                                                  
l.18 ãƒ‡ãƒ¼ã‚¿ã‚’åˆ†æã™ã‚‹éš›ã€ä¸€èˆ¬çš„ã«åˆ†
                                                  æå¯¾è±¡ã§ã‚ã‚‹ãƒ‡ãƒ¼ã‚...

You may provide a definition with
\DeclareUnicodeCharacter 


./chapter_6.tex:18: Package inputenc Error: Unicode character æ (U+6790)
(inputenc)                not set up for use with LaTeX.

See the inputenc package documentation for explanation.
Type  H <return>  for immediate help.
 ...                                              
                                                  
l.18 ...ã‚¿ã‚’åˆ†æã™ã‚‹éš›ã€ä¸€èˆ¬çš„ã«åˆ†æ
                                                  å¯¾è±¡ã§ã‚ã‚‹ãƒ‡ãƒ¼ã‚¿ã...

You may provide a definition with
\DeclareUnicodeCharacter 


./chapter_6.tex:18: Package inputenc Error: Unicode character å¯¾ (U+5BFE)
(inputenc)                not set up for use with LaTeX.

See the inputenc package documentation for explanation.
Type  H <return>  for immediate help.
 ...                                              
                                                  
l.18 ...ã‚’åˆ†æã™ã‚‹éš›ã€ä¸€èˆ¬çš„ã«åˆ†æå¯¾
                                                  è±¡ã§ã‚ã‚‹ãƒ‡ãƒ¼ã‚¿ã®ä¸...

You may provide a definition with
\DeclareUnicodeCharacter 


./chapter_6.tex:18: Package inputenc Error: Unicode character è±¡ (U+8C61)
(inputenc)                not set up for use with LaTeX.

See the inputenc package documentation for explanation.
Type  H <return>  for immediate help.
 ...                                              
                                                  
l.18 ...åˆ†æã™ã‚‹éš›ã€ä¸€èˆ¬çš„ã«åˆ†æå¯¾è±¡
                                                  ã§ã‚ã‚‹ãƒ‡ãƒ¼ã‚¿ã®ä¸­èº...

You may provide a definition with
\DeclareUnicodeCharacter 


./chapter_6.tex:18: Package inputenc Error: Unicode character ã§ (U+3067)
(inputenc)                not set up for use with LaTeX.

See the inputenc package documentation for explanation.
Type  H <return>  for immediate help.
 ...                                              
                                                  
l.18 ...æã™ã‚‹éš›ã€ä¸€èˆ¬çš„ã«åˆ†æå¯¾è±¡ã§
                                                  ã‚ã‚‹ãƒ‡ãƒ¼ã‚¿ã®ä¸­èº«ã‚...

You may provide a definition with
\DeclareUnicodeCharacter 


./chapter_6.tex:18: Package inputenc Error: Unicode character ã‚ (U+3042)
(inputenc)                not set up for use with LaTeX.

See the inputenc package documentation for explanation.
Type  H <return>  for immediate help.
 ...                                              
                                                  
l.18 ...ã™ã‚‹éš›ã€ä¸€èˆ¬çš„ã«åˆ†æå¯¾è±¡ã§ã‚
                                                  ã‚‹ãƒ‡ãƒ¼ã‚¿ã®ä¸­èº«ã‚’æŠ...

You may provide a definition with
\DeclareUnicodeCharacter 


./chapter_6.tex:18: Package inputenc Error: Unicode character ã‚‹ (U+308B)
(inputenc)                not set up for use with LaTeX.

See the inputenc package documentation for explanation.
Type  H <return>  for immediate help.
 ...                                              
                                                  
l.18 ...ã‚‹éš›ã€ä¸€èˆ¬çš„ã«åˆ†æå¯¾è±¡ã§ã‚ã‚‹
                                                  ãƒ‡ãƒ¼ã‚¿ã®ä¸­èº«ã‚’æŠŠæ...

You may provide a definition with
\DeclareUnicodeCharacter 


./chapter_6.tex:18: Package inputenc Error: Unicode character ãƒ‡ (U+30C7)
(inputenc)                not set up for use with LaTeX.

See the inputenc package documentation for explanation.
Type  H <return>  for immediate help.
 ...                                              
                                                  
l.18 ...éš›ã€ä¸€èˆ¬çš„ã«åˆ†æå¯¾è±¡ã§ã‚ã‚‹ãƒ‡
                                                  ãƒ¼ã‚¿ã®ä¸­èº«ã‚’æŠŠæ¡ã...

You may provide a definition with
\DeclareUnicodeCharacter 


./chapter_6.tex:18: Package inputenc Error: Unicode character ãƒ¼ (U+30FC)
(inputenc)                not set up for use with LaTeX.

See the inputenc package documentation for explanation.
Type  H <return>  for immediate help.
 ...                                              
                                                  
l.18 ...ã€ä¸€èˆ¬çš„ã«åˆ†æå¯¾è±¡ã§ã‚ã‚‹ãƒ‡ãƒ¼
                                                  ã‚¿ã®ä¸­èº«ã‚’æŠŠæ¡ã™ã‚...

You may provide a definition with
\DeclareUnicodeCharacter 


./chapter_6.tex:18: Package inputenc Error: Unicode character ã‚¿ (U+30BF)
(inputenc)                not set up for use with LaTeX.

See the inputenc package documentation for explanation.
Type  H <return>  for immediate help.
 ...                                              
                                                  
l.18 ...ä¸€èˆ¬çš„ã«åˆ†æå¯¾è±¡ã§ã‚ã‚‹ãƒ‡ãƒ¼ã‚¿
                                                  ã®ä¸­èº«ã‚’æŠŠæ¡ã™ã‚‹ã...

You may provide a definition with
\DeclareUnicodeCharacter 


./chapter_6.tex:18: Package inputenc Error: Unicode character ã® (U+306E)
(inputenc)                not set up for use with LaTeX.

See the inputenc package documentation for explanation.
Type  H <return>  for immediate help.
 ...                                              
                                                  
l.18 ...èˆ¬çš„ã«åˆ†æå¯¾è±¡ã§ã‚ã‚‹ãƒ‡ãƒ¼ã‚¿ã®
                                                  ä¸­èº«ã‚’æŠŠæ¡ã™ã‚‹ãŸã‚...

You may provide a definition with
\DeclareUnicodeCharacter 


./chapter_6.tex:18: Package inputenc Error: Unicode character ä¸­ (U+4E2D)
(inputenc)                not set up for use with LaTeX.

See the inputenc package documentation for explanation.
Type  H <return>  for immediate help.
 ...                                              
                                                  
l.18 ...çš„ã«åˆ†æå¯¾è±¡ã§ã‚ã‚‹ãƒ‡ãƒ¼ã‚¿ã®ä¸­
                                                  èº«ã‚’æŠŠæ¡ã™ã‚‹ãŸã‚ã...

You may provide a definition with
\DeclareUnicodeCharacter 


./chapter_6.tex:18: Package inputenc Error: Unicode character èº« (U+8EAB)
(inputenc)                not set up for use with LaTeX.

See the inputenc package documentation for explanation.
Type  H <return>  for immediate help.
 ...                                              
                                                  
l.18 ...ã«åˆ†æå¯¾è±¡ã§ã‚ã‚‹ãƒ‡ãƒ¼ã‚¿ã®ä¸­èº«
                                                  ã‚’æŠŠæ¡ã™ã‚‹ãŸã‚ã®æ‰...

You may provide a definition with
\DeclareUnicodeCharacter 


./chapter_6.tex:18: Package inputenc Error: Unicode character ã‚’ (U+3092)
(inputenc)                not set up for use with LaTeX.

See the inputenc package documentation for explanation.
Type  H <return>  for immediate help.
 ...                                              
                                                  
l.18 ...åˆ†æå¯¾è±¡ã§ã‚ã‚‹ãƒ‡ãƒ¼ã‚¿ã®ä¸­èº«ã‚’
                                                  æŠŠæ¡ã™ã‚‹ãŸã‚ã®æ‰‹æ®...

You may provide a definition with
\DeclareUnicodeCharacter 


./chapter_6.tex:18: Package inputenc Error: Unicode character æŠŠ (U+628A)
(inputenc)                not set up for use with LaTeX.

See the inputenc package documentation for explanation.
Type  H <return>  for immediate help.
 ...                                              
                                                  
l.18 ...æå¯¾è±¡ã§ã‚ã‚‹ãƒ‡ãƒ¼ã‚¿ã®ä¸­èº«ã‚’æŠŠ
                                                  æ¡ã™ã‚‹ãŸã‚ã®æ‰‹æ®µã...

You may provide a definition with
\DeclareUnicodeCharacter 


./chapter_6.tex:18: Package inputenc Error: Unicode character æ¡ (U+63E1)
(inputenc)                not set up for use with LaTeX.

See the inputenc package documentation for explanation.
Type  H <return>  for immediate help.
 ...                                              
                                                  
l.18 ...å¯¾è±¡ã§ã‚ã‚‹ãƒ‡ãƒ¼ã‚¿ã®ä¸­èº«ã‚’æŠŠæ¡
                                                  ã™ã‚‹ãŸã‚ã®æ‰‹æ®µã¨ã...

You may provide a definition with
\DeclareUnicodeCharacter 


./chapter_6.tex:18: Package inputenc Error: Unicode character ã™ (U+3059)
(inputenc)                not set up for use with LaTeX.

See the inputenc package documentation for explanation.
Type  H <return>  for immediate help.
 ...                                              
                                                  
l.18 ...è±¡ã§ã‚ã‚‹ãƒ‡ãƒ¼ã‚¿ã®ä¸­èº«ã‚’æŠŠæ¡ã™
                                                  ã‚‹ãŸã‚ã®æ‰‹æ®µã¨ã—ã...

You may provide a definition with
\DeclareUnicodeCharacter 


./chapter_6.tex:18: Package inputenc Error: Unicode character ã‚‹ (U+308B)
(inputenc)                not set up for use with LaTeX.

See the inputenc package documentation for explanation.
Type  H <return>  for immediate help.
 ...                                              
                                                  
l.18 ...ã§ã‚ã‚‹ãƒ‡ãƒ¼ã‚¿ã®ä¸­èº«ã‚’æŠŠæ¡ã™ã‚‹
                                                  ãŸã‚ã®æ‰‹æ®µã¨ã—ã¦åŸ...

You may provide a definition with
\DeclareUnicodeCharacter 


./chapter_6.tex:18: Package inputenc Error: Unicode character ãŸ (U+305F)
(inputenc)                not set up for use with LaTeX.

See the inputenc package documentation for explanation.
Type  H <return>  for immediate help.
 ...                                              
                                                  
l.18 ...ã‚ã‚‹ãƒ‡ãƒ¼ã‚¿ã®ä¸­èº«ã‚’æŠŠæ¡ã™ã‚‹ãŸ
                                                  ã‚ã®æ‰‹æ®µã¨ã—ã¦åŸºç¤...

You may provide a definition with
\DeclareUnicodeCharacter 


./chapter_6.tex:18: Package inputenc Error: Unicode character ã‚ (U+3081)
(inputenc)                not set up for use with LaTeX.

See the inputenc package documentation for explanation.
Type  H <return>  for immediate help.
 ...                                              
                                                  
l.18 ...ã‚‹ãƒ‡ãƒ¼ã‚¿ã®ä¸­èº«ã‚’æŠŠæ¡ã™ã‚‹ãŸã‚
                                                  ã®æ‰‹æ®µã¨ã—ã¦åŸºç¤çš...

You may provide a definition with
\DeclareUnicodeCharacter 


./chapter_6.tex:18: Package inputenc Error: Unicode character ã® (U+306E)
(inputenc)                not set up for use with LaTeX.

See the inputenc package documentation for explanation.
Type  H <return>  for immediate help.
 ...                                              
                                                  
l.18 ...ãƒ‡ãƒ¼ã‚¿ã®ä¸­èº«ã‚’æŠŠæ¡ã™ã‚‹ãŸã‚ã®
                                                  æ‰‹æ®µã¨ã—ã¦åŸºç¤çš„ã...

You may provide a definition with
\DeclareUnicodeCharacter 


./chapter_6.tex:18: Package inputenc Error: Unicode character æ‰‹ (U+624B)
(inputenc)                not set up for use with LaTeX.

See the inputenc package documentation for explanation.
Type  H <return>  for immediate help.
 ...                                              
                                                  
l.18 ...ãƒ¼ã‚¿ã®ä¸­èº«ã‚’æŠŠæ¡ã™ã‚‹ãŸã‚ã®æ‰‹
                                                  æ®µã¨ã—ã¦åŸºç¤çš„ãªé›...

You may provide a definition with
\DeclareUnicodeCharacter 


./chapter_6.tex:18: Package inputenc Error: Unicode character æ®µ (U+6BB5)
(inputenc)                not set up for use with LaTeX.

See the inputenc package documentation for explanation.
Type  H <return>  for immediate help.
 ...                                              
                                                  
l.18 ...ã‚¿ã®ä¸­èº«ã‚’æŠŠæ¡ã™ã‚‹ãŸã‚ã®æ‰‹æ®µ
                                                  ã¨ã—ã¦åŸºç¤çš„ãªé›†è¨...

You may provide a definition with
\DeclareUnicodeCharacter 


./chapter_6.tex:18: Package inputenc Error: Unicode character ã¨ (U+3068)
(inputenc)                not set up for use with LaTeX.

See the inputenc package documentation for explanation.
Type  H <return>  for immediate help.
 ...                                              
                                                  
l.18 ...ã®ä¸­èº«ã‚’æŠŠæ¡ã™ã‚‹ãŸã‚ã®æ‰‹æ®µã¨
                                                  ã—ã¦åŸºç¤çš„ãªé›†è¨ˆ^^...

You may provide a definition with
\DeclareUnicodeCharacter 


./chapter_6.tex:18: Package inputenc Error: Unicode character ã— (U+3057)
(inputenc)                not set up for use with LaTeX.

See the inputenc package documentation for explanation.
Type  H <return>  for immediate help.
 ...                                              
                                                  
l.18 ...ä¸­èº«ã‚’æŠŠæ¡ã™ã‚‹ãŸã‚ã®æ‰‹æ®µã¨ã—
                                                  ã¦åŸºç¤çš„ãªé›†è¨ˆ^^\(ä...

You may provide a definition with
\DeclareUnicodeCharacter 


./chapter_6.tex:18: Package inputenc Error: Unicode character ã¦ (U+3066)
(inputenc)                not set up for use with LaTeX.

See the inputenc package documentation for explanation.
Type  H <return>  for immediate help.
 ...                                              
                                                  
l.18 ...èº«ã‚’æŠŠæ¡ã™ã‚‹ãŸã‚ã®æ‰‹æ®µã¨ã—ã¦
                                                  åŸºç¤çš„ãªé›†è¨ˆ^^\(ä»¥ä...

You may provide a definition with
\DeclareUnicodeCharacter 


./chapter_6.tex:18: Package inputenc Error: Unicode character åŸº (U+57FA)
(inputenc)                not set up for use with LaTeX.

See the inputenc package documentation for explanation.
Type  H <return>  for immediate help.
 ...                                              
                                                  
l.18 ...ã‚’æŠŠæ¡ã™ã‚‹ãŸã‚ã®æ‰‹æ®µã¨ã—ã¦åŸº
                                                  ç¤çš„ãªé›†è¨ˆ^^\(ä»¥ä¸‹ã...

You may provide a definition with
\DeclareUnicodeCharacter 


./chapter_6.tex:18: Package inputenc Error: Unicode character ç¤ (U+790E)
(inputenc)                not set up for use with LaTeX.

See the inputenc package documentation for explanation.
Type  H <return>  for immediate help.
 ...                                              
                                                  
l.18 ...æŠŠæ¡ã™ã‚‹ãŸã‚ã®æ‰‹æ®µã¨ã—ã¦åŸºç¤
                                                  çš„ãªé›†è¨ˆ^^\(ä»¥ä¸‹ã€å...

You may provide a definition with
\DeclareUnicodeCharacter 


./chapter_6.tex:18: Package inputenc Error: Unicode character çš„ (U+7684)
(inputenc)                not set up for use with LaTeX.

See the inputenc package documentation for explanation.
Type  H <return>  for immediate help.
 ...                                              
                                                  
l.18 ...æ¡ã™ã‚‹ãŸã‚ã®æ‰‹æ®µã¨ã—ã¦åŸºç¤çš„
                                                  ãªé›†è¨ˆ^^\(ä»¥ä¸‹ã€åŸºç...

You may provide a definition with
\DeclareUnicodeCharacter 


./chapter_6.tex:18: Package inputenc Error: Unicode character ãª (U+306A)
(inputenc)                not set up for use with LaTeX.

See the inputenc package documentation for explanation.
Type  H <return>  for immediate help.
 ...                                              
                                                  
l.18 ...ã™ã‚‹ãŸã‚ã®æ‰‹æ®µã¨ã—ã¦åŸºç¤çš„ãª
                                                  é›†è¨ˆ^^\(ä»¥ä¸‹ã€åŸºç¤é...

You may provide a definition with
\DeclareUnicodeCharacter 


./chapter_6.tex:18: Package inputenc Error: Unicode character é›† (U+96C6)
(inputenc)                not set up for use with LaTeX.

See the inputenc package documentation for explanation.
Type  H <return>  for immediate help.
 ...                                              
                                                  
l.18 ...ã‚‹ãŸã‚ã®æ‰‹æ®µã¨ã—ã¦åŸºç¤çš„ãªé›†
                                                  è¨ˆ^^\(ä»¥ä¸‹ã€åŸºç¤é›†è...

You may provide a definition with
\DeclareUnicodeCharacter 


./chapter_6.tex:18: Package inputenc Error: Unicode character è¨ˆ (U+8A08)
(inputenc)                not set up for use with LaTeX.

See the inputenc package documentation for explanation.
Type  H <return>  for immediate help.
 ...                                              
                                                  
l.18 ...ãŸã‚ã®æ‰‹æ®µã¨ã—ã¦åŸºç¤çš„ãªé›†è¨ˆ
                                                  ^^\(ä»¥ä¸‹ã€åŸºç¤é›†è¨ˆ)...

You may provide a definition with
\DeclareUnicodeCharacter 


./chapter_6.tex:18: Package inputenc Error: Unicode character ^^\ (U+001C)
(inputenc)                not set up for use with LaTeX.

See the inputenc package documentation for explanation.
Type  H <return>  for immediate help.
 ...                                              
                                                  
l.18 ...ã‚ã®æ‰‹æ®µã¨ã—ã¦åŸºç¤çš„ãªé›†è¨ˆ^^\
                                                  (ä»¥ä¸‹ã€åŸºç¤é›†è¨ˆ)ã‚’...

You may provide a definition with
\DeclareUnicodeCharacter 


./chapter_6.tex:18: Package inputenc Error: Unicode character ä»¥ (U+4EE5)
(inputenc)                not set up for use with LaTeX.

See the inputenc package documentation for explanation.
Type  H <return>  for immediate help.
 ...                                              
                                                  
l.18 ...®æ‰‹æ®µã¨ã—ã¦åŸºç¤çš„ãªé›†è¨ˆ^^\(ä»¥
                                                  ä¸‹ã€åŸºç¤é›†è¨ˆ)ã‚’å®Ÿæ...

You may provide a definition with
\DeclareUnicodeCharacter 


./chapter_6.tex:18: Package inputenc Error: Unicode character ä¸‹ (U+4E0B)
(inputenc)                not set up for use with LaTeX.

See the inputenc package documentation for explanation.
Type  H <return>  for immediate help.
 ...                                              
                                                  
l.18 ...‰‹æ®µã¨ã—ã¦åŸºç¤çš„ãªé›†è¨ˆ^^\(ä»¥ä¸‹
                                                  ã€åŸºç¤é›†è¨ˆ)ã‚’å®Ÿæ–½ã...

You may provide a definition with
\DeclareUnicodeCharacter 


./chapter_6.tex:18: Package inputenc Error: Unicode character ã€ (U+3001)
(inputenc)                not set up for use with LaTeX.

See the inputenc package documentation for explanation.
Type  H <return>  for immediate help.
 ...                                              
                                                  
l.18 ...®µã¨ã—ã¦åŸºç¤çš„ãªé›†è¨ˆ^^\(ä»¥ä¸‹ã€
                                                  åŸºç¤é›†è¨ˆ)ã‚’å®Ÿæ–½ã™ã...

You may provide a definition with
\DeclareUnicodeCharacter 


./chapter_6.tex:18: Package inputenc Error: Unicode character åŸº (U+57FA)
(inputenc)                not set up for use with LaTeX.

See the inputenc package documentation for explanation.
Type  H <return>  for immediate help.
 ...                                              
                                                  
l.18 ...¨ã—ã¦åŸºç¤çš„ãªé›†è¨ˆ^^\(ä»¥ä¸‹ã€åŸº
                                                  ç¤é›†è¨ˆ)ã‚’å®Ÿæ–½ã™ã‚‹ã...

You may provide a definition with
\DeclareUnicodeCharacter 


./chapter_6.tex:18: Package inputenc Error: Unicode character ç¤ (U+790E)
(inputenc)                not set up for use with LaTeX.

See the inputenc package documentation for explanation.
Type  H <return>  for immediate help.
 ...                                              
                                                  
l.18 ...—ã¦åŸºç¤çš„ãªé›†è¨ˆ^^\(ä»¥ä¸‹ã€åŸºç¤
                                                  é›†è¨ˆ)ã‚’å®Ÿæ–½ã™ã‚‹ã“ã...

You may provide a definition with
\DeclareUnicodeCharacter 


./chapter_6.tex:18: Package inputenc Error: Unicode character é›† (U+96C6)
(inputenc)                not set up for use with LaTeX.

See the inputenc package documentation for explanation.
Type  H <return>  for immediate help.
 ...                                              
                                                  
l.18 ...¦åŸºç¤çš„ãªé›†è¨ˆ^^\(ä»¥ä¸‹ã€åŸºç¤é›†
                                                  è¨ˆ)ã‚’å®Ÿæ–½ã™ã‚‹ã“ã¨ã...

You may provide a definition with
\DeclareUnicodeCharacter 


./chapter_6.tex:18: Package inputenc Error: Unicode character è¨ˆ (U+8A08)
(inputenc)                not set up for use with LaTeX.

See the inputenc package documentation for explanation.
Type  H <return>  for immediate help.
 ...                                              
                                                  
l.18 ...Ÿºç¤çš„ãªé›†è¨ˆ^^\(ä»¥ä¸‹ã€åŸºç¤é›†è¨ˆ
                                                  )ã‚’å®Ÿæ–½ã™ã‚‹ã“ã¨ãŒå...

You may provide a definition with
\DeclareUnicodeCharacter 


./chapter_6.tex:18: Package inputenc Error: Unicode character ã‚’ (U+3092)
(inputenc)                not set up for use with LaTeX.

See the inputenc package documentation for explanation.
Type  H <return>  for immediate help.
 ...                                              
                                                  
l.18 ...çš„ãªé›†è¨ˆ^^\(ä»¥ä¸‹ã€åŸºç¤é›†è¨ˆ)ã‚’
                                                  å®Ÿæ–½ã™ã‚‹ã“ã¨ãŒå¤šã...

You may provide a definition with
\DeclareUnicodeCharacter 


./chapter_6.tex:18: Package inputenc Error: Unicode character å®Ÿ (U+5B9F)
(inputenc)                not set up for use with LaTeX.

See the inputenc package documentation for explanation.
Type  H <return>  for immediate help.
 ...                                              
                                                  
l.18 ...„ãªé›†è¨ˆ^^\(ä»¥ä¸‹ã€åŸºç¤é›†è¨ˆ)ã‚’å®Ÿ
                                                  æ–½ã™ã‚‹ã“ã¨ãŒå¤šã„ã...

You may provide a definition with
\DeclareUnicodeCharacter 


./chapter_6.tex:18: Package inputenc Error: Unicode character æ–½ (U+65BD)
(inputenc)                not set up for use with LaTeX.

See the inputenc package documentation for explanation.
Type  H <return>  for immediate help.
 ...                                              
                                                  
l.18 ...ªé›†è¨ˆ^^\(ä»¥ä¸‹ã€åŸºç¤é›†è¨ˆ)ã‚’å®Ÿæ–½
                                                  ã™ã‚‹ã“ã¨ãŒå¤šã„ãŒã€...

You may provide a definition with
\DeclareUnicodeCharacter 


./chapter_6.tex:18: Package inputenc Error: Unicode character ã™ (U+3059)
(inputenc)                not set up for use with LaTeX.

See the inputenc package documentation for explanation.
Type  H <return>  for immediate help.
 ...                                              
                                                  
l.18 ...†è¨ˆ^^\(ä»¥ä¸‹ã€åŸºç¤é›†è¨ˆ)ã‚’å®Ÿæ–½ã™
                                                  ã‚‹ã“ã¨ãŒå¤šã„ãŒã€å...

You may provide a definition with
\DeclareUnicodeCharacter 


./chapter_6.tex:18: Package inputenc Error: Unicode character ã‚‹ (U+308B)
(inputenc)                not set up for use with LaTeX.

See the inputenc package documentation for explanation.
Type  H <return>  for immediate help.
 ...                                              
                                                  
l.18 ...ˆ^^\(ä»¥ä¸‹ã€åŸºç¤é›†è¨ˆ)ã‚’å®Ÿæ–½ã™ã‚‹
                                                  ã“ã¨ãŒå¤šã„ãŒã€å˜ç´...

You may provide a definition with
\DeclareUnicodeCharacter 


./chapter_6.tex:18: Package inputenc Error: Unicode character ã“ (U+3053)
(inputenc)                not set up for use with LaTeX.

See the inputenc package documentation for explanation.
Type  H <return>  for immediate help.
 ...                                              
                                                  
l.18 ...\(ä»¥ä¸‹ã€åŸºç¤é›†è¨ˆ)ã‚’å®Ÿæ–½ã™ã‚‹ã“
                                                  ã¨ãŒå¤šã„ãŒã€å˜ç´”ã...

You may provide a definition with
\DeclareUnicodeCharacter 


./chapter_6.tex:18: Package inputenc Error: Unicode character ã¨ (U+3068)
(inputenc)                not set up for use with LaTeX.

See the inputenc package documentation for explanation.
Type  H <return>  for immediate help.
 ...                                              
                                                  
l.18 ...»¥ä¸‹ã€åŸºç¤é›†è¨ˆ)ã‚’å®Ÿæ–½ã™ã‚‹ã“ã¨
                                                  ãŒå¤šã„ãŒã€å˜ç´”ã«ã...

You may provide a definition with
\DeclareUnicodeCharacter 


./chapter_6.tex:18: Package inputenc Error: Unicode character ãŒ (U+304C)
(inputenc)                not set up for use with LaTeX.

See the inputenc package documentation for explanation.
Type  H <return>  for immediate help.
 ...                                              
                                                  
l.18 ...¸‹ã€åŸºç¤é›†è¨ˆ)ã‚’å®Ÿæ–½ã™ã‚‹ã“ã¨ãŒ
                                                  å¤šã„ãŒã€å˜ç´”ã«ã„ã...

You may provide a definition with
\DeclareUnicodeCharacter 


./chapter_6.tex:18: Package inputenc Error: Unicode character å¤š (U+591A)
(inputenc)                not set up for use with LaTeX.

See the inputenc package documentation for explanation.
Type  H <return>  for immediate help.
 ...                                              
                                                  
l.18 ...€åŸºç¤é›†è¨ˆ)ã‚’å®Ÿæ–½ã™ã‚‹ã“ã¨ãŒå¤š
                                                  ã„ãŒã€å˜ç´”ã«ã„ãã...

You may provide a definition with
\DeclareUnicodeCharacter 


./chapter_6.tex:18: Package inputenc Error: Unicode character ã„ (U+3044)
(inputenc)                not set up for use with LaTeX.

See the inputenc package documentation for explanation.
Type  H <return>  for immediate help.
 ...                                              
                                                  
l.18 ...Ÿºç¤é›†è¨ˆ)ã‚’å®Ÿæ–½ã™ã‚‹ã“ã¨ãŒå¤šã„
                                                  ãŒã€å˜ç´”ã«ã„ãã¤ã...

You may provide a definition with
\DeclareUnicodeCharacter 


./chapter_6.tex:18: Package inputenc Error: Unicode character ãŒ (U+304C)
(inputenc)                not set up for use with LaTeX.

See the inputenc package documentation for explanation.
Type  H <return>  for immediate help.
 ...                                              
                                                  
l.18 ...¤é›†è¨ˆ)ã‚’å®Ÿæ–½ã™ã‚‹ã“ã¨ãŒå¤šã„ãŒ
                                                  ã€å˜ç´”ã«ã„ãã¤ã‹ã...

You may provide a definition with
\DeclareUnicodeCharacter 


./chapter_6.tex:18: Package inputenc Error: Unicode character ã€ (U+3001)
(inputenc)                not set up for use with LaTeX.

See the inputenc package documentation for explanation.
Type  H <return>  for immediate help.
 ...                                              
                                                  
l.18 ...›†è¨ˆ)ã‚’å®Ÿæ–½ã™ã‚‹ã“ã¨ãŒå¤šã„ãŒã€
                                                  å˜ç´”ã«ã„ãã¤ã‹ã®ç‰...

You may provide a definition with
\DeclareUnicodeCharacter 


./chapter_6.tex:18: Package inputenc Error: Unicode character å˜ (U+5358)
(inputenc)                not set up for use with LaTeX.

See the inputenc package documentation for explanation.
Type  H <return>  for immediate help.
 ...                                              
                                                  
l.18 ...¨ˆ)ã‚’å®Ÿæ–½ã™ã‚‹ã“ã¨ãŒå¤šã„ãŒã€å˜
                                                  ç´”ã«ã„ãã¤ã‹ã®ç‰¹å¾...

You may provide a definition with
\DeclareUnicodeCharacter 


./chapter_6.tex:18: Package inputenc Error: Unicode character ç´” (U+7D14)
(inputenc)                not set up for use with LaTeX.

See the inputenc package documentation for explanation.
Type  H <return>  for immediate help.
 ...                                              
                                                  
l.18 ...ã‚’å®Ÿæ–½ã™ã‚‹ã“ã¨ãŒå¤šã„ãŒã€å˜ç´”
                                                  ã«ã„ãã¤ã‹ã®ç‰¹å¾´é‡...

You may provide a definition with
\DeclareUnicodeCharacter 


./chapter_6.tex:18: Package inputenc Error: Unicode character ã« (U+306B)
(inputenc)                not set up for use with LaTeX.

See the inputenc package documentation for explanation.
Type  H <return>  for immediate help.
 ...                                              
                                                  
l.18 ...å®Ÿæ–½ã™ã‚‹ã“ã¨ãŒå¤šã„ãŒã€å˜ç´”ã«
                                                  ã„ãã¤ã‹ã®ç‰¹å¾´é‡ã‚...

You may provide a definition with
\DeclareUnicodeCharacter 


./chapter_6.tex:18: Package inputenc Error: Unicode character ã„ (U+3044)
(inputenc)                not set up for use with LaTeX.

See the inputenc package documentation for explanation.
Type  H <return>  for immediate help.
 ...                                              
                                                  
l.18 ...æ–½ã™ã‚‹ã“ã¨ãŒå¤šã„ãŒã€å˜ç´”ã«ã„
                                                  ãã¤ã‹ã®ç‰¹å¾´é‡ã‚’ç¸...

You may provide a definition with
\DeclareUnicodeCharacter 


./chapter_6.tex:18: Package inputenc Error: Unicode character ã (U+304F)
(inputenc)                not set up for use with LaTeX.

See the inputenc package documentation for explanation.
Type  H <return>  for immediate help.
 ...                                              
                                                  
l.18 ...ã™ã‚‹ã“ã¨ãŒå¤šã„ãŒã€å˜ç´”ã«ã„ã
                                                  ã¤ã‹ã®ç‰¹å¾´é‡ã‚’ç¸¦è»...

You may provide a definition with
\DeclareUnicodeCharacter 


./chapter_6.tex:18: Package inputenc Error: Unicode character ã¤ (U+3064)
(inputenc)                not set up for use with LaTeX.

See the inputenc package documentation for explanation.
Type  H <return>  for immediate help.
 ...                                              
                                                  
l.18 ...ã‚‹ã“ã¨ãŒå¤šã„ãŒã€å˜ç´”ã«ã„ãã¤
                                                  ã‹ã®ç‰¹å¾´é‡ã‚’ç¸¦è»¸ã...

You may provide a definition with
\DeclareUnicodeCharacter 


./chapter_6.tex:18: Package inputenc Error: Unicode character ã‹ (U+304B)
(inputenc)                not set up for use with LaTeX.

See the inputenc package documentation for explanation.
Type  H <return>  for immediate help.
 ...                                              
                                                  
l.18 ...ã“ã¨ãŒå¤šã„ãŒã€å˜ç´”ã«ã„ãã¤ã‹
                                                  ã®ç‰¹å¾´é‡ã‚’ç¸¦è»¸ãªã...

You may provide a definition with
\DeclareUnicodeCharacter 


./chapter_6.tex:18: Package inputenc Error: Unicode character ã® (U+306E)
(inputenc)                not set up for use with LaTeX.

See the inputenc package documentation for explanation.
Type  H <return>  for immediate help.
 ...                                              
                                                  
l.18 ...ã¨ãŒå¤šã„ãŒã€å˜ç´”ã«ã„ãã¤ã‹ã®
                                                  ç‰¹å¾´é‡ã‚’ç¸¦è»¸ãªã„ã...

You may provide a definition with
\DeclareUnicodeCharacter 


./chapter_6.tex:18: Package inputenc Error: Unicode character ç‰¹ (U+7279)
(inputenc)                not set up for use with LaTeX.

See the inputenc package documentation for explanation.
Type  H <return>  for immediate help.
 ...                                              
                                                  
l.18 ...ãŒå¤šã„ãŒã€å˜ç´”ã«ã„ãã¤ã‹ã®ç‰¹
                                                  å¾´é‡ã‚’ç¸¦è»¸ãªã„ã—ã...

You may provide a definition with
\DeclareUnicodeCharacter 


./chapter_6.tex:18: Package inputenc Error: Unicode character å¾´ (U+5FB4)
(inputenc)                not set up for use with LaTeX.

See the inputenc package documentation for explanation.
Type  H <return>  for immediate help.
 ...                                              
                                                  
l.18 ...å¤šã„ãŒã€å˜ç´”ã«ã„ãã¤ã‹ã®ç‰¹å¾´
                                                  é‡ã‚’ç¸¦è»¸ãªã„ã—ã¯æ¨...

You may provide a definition with
\DeclareUnicodeCharacter 


./chapter_6.tex:18: Package inputenc Error: Unicode character é‡ (U+91CF)
(inputenc)                not set up for use with LaTeX.

See the inputenc package documentation for explanation.
Type  H <return>  for immediate help.
 ...                                              
                                                  
l.18 ...ã„ãŒã€å˜ç´”ã«ã„ãã¤ã‹ã®ç‰¹å¾´é‡
                                                  ã‚’ç¸¦è»¸ãªã„ã—ã¯æ¨ªè»...

You may provide a definition with
\DeclareUnicodeCharacter 


./chapter_6.tex:18: Package inputenc Error: Unicode character ã‚’ (U+3092)
(inputenc)                not set up for use with LaTeX.

See the inputenc package documentation for explanation.
Type  H <return>  for immediate help.
 ...                                              
                                                  
l.18 ...ãŒã€å˜ç´”ã«ã„ãã¤ã‹ã®ç‰¹å¾´é‡ã‚’
                                                  ç¸¦è»¸ãªã„ã—ã¯æ¨ªè»¸ã...

You may provide a definition with
\DeclareUnicodeCharacter 


./chapter_6.tex:18: Package inputenc Error: Unicode character ç¸¦ (U+7E26)
(inputenc)                not set up for use with LaTeX.

See the inputenc package documentation for explanation.
Type  H <return>  for immediate help.
 ...                                              
                                                  
l.18 ...ã€å˜ç´”ã«ã„ãã¤ã‹ã®ç‰¹å¾´é‡ã‚’ç¸¦
                                                  è»¸ãªã„ã—ã¯æ¨ªè»¸ã«ç½...

You may provide a definition with
\DeclareUnicodeCharacter 


./chapter_6.tex:18: Package inputenc Error: Unicode character è»¸ (U+8EF8)
(inputenc)                not set up for use with LaTeX.

See the inputenc package documentation for explanation.
Type  H <return>  for immediate help.
 ...                                              
                                                  
l.18 ...å˜ç´”ã«ã„ãã¤ã‹ã®ç‰¹å¾´é‡ã‚’ç¸¦è»¸
                                                  ãªã„ã—ã¯æ¨ªè»¸ã«ç½®ã...

You may provide a definition with
\DeclareUnicodeCharacter 


./chapter_6.tex:18: Package inputenc Error: Unicode character ãª (U+306A)
(inputenc)                not set up for use with LaTeX.

See the inputenc package documentation for explanation.
Type  H <return>  for immediate help.
 ...                                              
                                                  
l.18 ...ç´”ã«ã„ãã¤ã‹ã®ç‰¹å¾´é‡ã‚’ç¸¦è»¸ãª
                                                  ã„ã—ã¯æ¨ªè»¸ã«ç½®ãã€...

You may provide a definition with
\DeclareUnicodeCharacter 


./chapter_6.tex:18: Package inputenc Error: Unicode character ã„ (U+3044)
(inputenc)                not set up for use with LaTeX.

See the inputenc package documentation for explanation.
Type  H <return>  for immediate help.
 ...                                              
                                                  
l.18 ...ã«ã„ãã¤ã‹ã®ç‰¹å¾´é‡ã‚’ç¸¦è»¸ãªã„
                                                  ã—ã¯æ¨ªè»¸ã«ç½®ãã€ã‚...

You may provide a definition with
\DeclareUnicodeCharacter 


./chapter_6.tex:18: Package inputenc Error: Unicode character ã— (U+3057)
(inputenc)                not set up for use with LaTeX.

See the inputenc package documentation for explanation.
Type  H <return>  for immediate help.
 ...                                              
                                                  
l.18 ...ã„ãã¤ã‹ã®ç‰¹å¾´é‡ã‚’ç¸¦è»¸ãªã„ã—
                                                  ã¯æ¨ªè»¸ã«ç½®ãã€ã‚µãƒ...

You may provide a definition with
\DeclareUnicodeCharacter 


./chapter_6.tex:18: Package inputenc Error: Unicode character ã¯ (U+306F)
(inputenc)                not set up for use with LaTeX.

See the inputenc package documentation for explanation.
Type  H <return>  for immediate help.
 ...                                              
                                                  
l.18 ...ãã¤ã‹ã®ç‰¹å¾´é‡ã‚’ç¸¦è»¸ãªã„ã—ã¯
                                                  æ¨ªè»¸ã«ç½®ãã€ã‚µãƒ³ãƒ...

You may provide a definition with
\DeclareUnicodeCharacter 


./chapter_6.tex:18: Package inputenc Error: Unicode character æ¨ª (U+6A2A)
(inputenc)                not set up for use with LaTeX.

See the inputenc package documentation for explanation.
Type  H <return>  for immediate help.
 ...                                              
                                                  
l.18 ...ã¤ã‹ã®ç‰¹å¾´é‡ã‚’ç¸¦è»¸ãªã„ã—ã¯æ¨ª
                                                  è»¸ã«ç½®ãã€ã‚µãƒ³ãƒ—ãƒ...

You may provide a definition with
\DeclareUnicodeCharacter 


./chapter_6.tex:18: Package inputenc Error: Unicode character è»¸ (U+8EF8)
(inputenc)                not set up for use with LaTeX.

See the inputenc package documentation for explanation.
Type  H <return>  for immediate help.
 ...                                              
                                                  
l.18 ...ã‹ã®ç‰¹å¾´é‡ã‚’ç¸¦è»¸ãªã„ã—ã¯æ¨ªè»¸
                                                  ã«ç½®ãã€ã‚µãƒ³ãƒ—ãƒ«é–...

You may provide a definition with
\DeclareUnicodeCharacter 


./chapter_6.tex:18: Package inputenc Error: Unicode character ã« (U+306B)
(inputenc)                not set up for use with LaTeX.

See the inputenc package documentation for explanation.
Type  H <return>  for immediate help.
 ...                                              
                                                  
l.18 ...ã®ç‰¹å¾´é‡ã‚’ç¸¦è»¸ãªã„ã—ã¯æ¨ªè»¸ã«
                                                  ç½®ãã€ã‚µãƒ³ãƒ—ãƒ«é–“ã...

You may provide a definition with
\DeclareUnicodeCharacter 


./chapter_6.tex:18: Package inputenc Error: Unicode character ç½® (U+7F6E)
(inputenc)                not set up for use with LaTeX.

See the inputenc package documentation for explanation.
Type  H <return>  for immediate help.
 ...                                              
                                                  
l.18 ...ç‰¹å¾´é‡ã‚’ç¸¦è»¸ãªã„ã—ã¯æ¨ªè»¸ã«ç½®
                                                  ãã€ã‚µãƒ³ãƒ—ãƒ«é–“ã«ã...

You may provide a definition with
\DeclareUnicodeCharacter 


./chapter_6.tex:18: Package inputenc Error: Unicode character ã (U+304D)
(inputenc)                not set up for use with LaTeX.

See the inputenc package documentation for explanation.
Type  H <return>  for immediate help.
 ...                                              
                                                  
l.18 ...å¾´é‡ã‚’ç¸¦è»¸ãªã„ã—ã¯æ¨ªè»¸ã«ç½®ã
                                                  ã€ã‚µãƒ³ãƒ—ãƒ«é–“ã«ãŠã...

You may provide a definition with
\DeclareUnicodeCharacter 


./chapter_6.tex:18: Package inputenc Error: Unicode character ã€ (U+3001)
(inputenc)                not set up for use with LaTeX.

See the inputenc package documentation for explanation.
Type  H <return>  for immediate help.
 ...                                              
                                                  
l.18 ...é‡ã‚’ç¸¦è»¸ãªã„ã—ã¯æ¨ªè»¸ã«ç½®ãã€
                                                  ã‚µãƒ³ãƒ—ãƒ«é–“ã«ãŠã‘ã‚...

You may provide a definition with
\DeclareUnicodeCharacter 


./chapter_6.tex:18: Package inputenc Error: Unicode character ã‚µ (U+30B5)
(inputenc)                not set up for use with LaTeX.

See the inputenc package documentation for explanation.
Type  H <return>  for immediate help.
 ...                                              
                                                  
l.18 ...ã‚’ç¸¦è»¸ãªã„ã—ã¯æ¨ªè»¸ã«ç½®ãã€ã‚µ
                                                  ãƒ³ãƒ—ãƒ«é–“ã«ãŠã‘ã‚‹åˆ...

You may provide a definition with
\DeclareUnicodeCharacter 


./chapter_6.tex:18: Package inputenc Error: Unicode character ãƒ³ (U+30F3)
(inputenc)                not set up for use with LaTeX.

See the inputenc package documentation for explanation.
Type  H <return>  for immediate help.
 ...                                              
                                                  
l.18 ...ç¸¦è»¸ãªã„ã—ã¯æ¨ªè»¸ã«ç½®ãã€ã‚µãƒ³
                                                  ãƒ—ãƒ«é–“ã«ãŠã‘ã‚‹åˆ†å¸...

You may provide a definition with
\DeclareUnicodeCharacter 


./chapter_6.tex:18: Package inputenc Error: Unicode character ãƒ— (U+30D7)
(inputenc)                not set up for use with LaTeX.

See the inputenc package documentation for explanation.
Type  H <return>  for immediate help.
 ...                                              
                                                  
l.18 ...è»¸ãªã„ã—ã¯æ¨ªè»¸ã«ç½®ãã€ã‚µãƒ³ãƒ—
                                                  ãƒ«é–“ã«ãŠã‘ã‚‹åˆ†å¸ƒã‚...
(That makes 100 errors; please try again.) 
Here is how much of TeX's memory you used:
 1561 strings out of 480478
 21373 string characters out of 5899595
 258017 words of memory out of 5000000
 17612 multiletter control sequences out of 15000+600000
 532434 words of font info for 25 fonts, out of 8000000 for 9000
 1141 hyphenation exceptions out of 8191
 30i,1n,27p,643b,38s stack positions out of 5000i,500n,10000p,200000b,80000s

./chapter_6.tex:18:  ==> Fatal error occurred, no output PDF file produced!
